\BOOKMARK [1][-]{section.1}{Introduction}{}% 1
\BOOKMARK [1][-]{section.2}{Preliminary}{}% 2
\BOOKMARK [1][-]{section.3}{Graph Computing System}{}% 3
\BOOKMARK [2][-]{subsection.3.1}{Computation Abstraction}{section.3}% 4
\BOOKMARK [3][-]{subsubsection.3.1.1}{MapReduce}{subsection.3.1}% 5
\BOOKMARK [3][-]{subsubsection.3.1.2}{Bulk Synchronous Parallel Model}{subsection.3.1}% 6
\BOOKMARK [3][-]{subsubsection.3.1.3}{GAS Model}{subsection.3.1}% 7
\BOOKMARK [2][-]{subsection.3.2}{Partition Scheme}{section.3}% 8
\BOOKMARK [1][-]{section.4}{Survey of Existing Systems}{}% 9
\BOOKMARK [2][-]{subsection.4.1}{Pregel}{section.4}% 10
\BOOKMARK [2][-]{subsection.4.2}{GraphLab / PowerGraph}{section.4}% 11
\BOOKMARK [2][-]{subsection.4.3}{GraphX}{section.4}% 12
\BOOKMARK [2][-]{subsection.4.4}{GraphChi}{section.4}% 13
\BOOKMARK [2][-]{subsection.4.5}{Other Graph Computing system}{section.4}% 14
\BOOKMARK [1][-]{section.5}{Evaluation}{}% 15
\BOOKMARK [2][-]{subsection.5.1}{Computation Time}{section.5}% 16
\BOOKMARK [2][-]{subsection.5.2}{Scalability}{section.5}% 17
\BOOKMARK [3][-]{subsubsection.5.2.1}{Scalability of Workers}{subsection.5.2}% 18
\BOOKMARK [3][-]{subsubsection.5.2.2}{Scalability of Datasets}{subsection.5.2}% 19
\BOOKMARK [2][-]{subsection.5.3}{Technique Effectiveness}{section.5}% 20
\BOOKMARK [1][-]{section.6}{Conclusion}{}% 21
\BOOKMARK [1][-]{section.7}{References }{}% 22
